<?xml version="1.0" encoding="UTF-8"?>
<!-- Generated by org.testng.reporters.JUnitReportReporter -->
<testsuite skipped="1" hostname="Agnibhas-MacBook-Air.local" name="testCasePack.TC001_LoginSanity" tests="2" failures="0" timestamp="08 Jan 2018 14:55:05 GMT" time="0.032" errors="0">
  <testcase name="loginVerifyTextSanity" time="0.032" classname="testCasePack.TC001_LoginSanity"/>
  <testcase name="zabc" classname="testCasePack.TC001_LoginSanity">
    <skipped/>
  </testcase> <!-- zabc -->
</testsuite> <!-- testCasePack.TC001_LoginSanity -->
