<?xml version="1.0" encoding="UTF-8"?>
<!-- Generated by org.testng.reporters.JUnitReportReporter -->
<testsuite skipped="0" hostname="Agnibhas-MacBook-Air.local" name="testCasePack.TC002_UserVerify" tests="1" failures="0" timestamp="08 Jan 2018 14:55:10 GMT" time="4.346" errors="0">
  <testcase name="UserVerify" time="4.346" classname="testCasePack.TC002_UserVerify"/>
</testsuite> <!-- testCasePack.TC002_UserVerify -->
