<?xml version="1.0" encoding="UTF-8"?>
<!-- Generated by org.testng.reporters.JUnitReportReporter -->
<testsuite skipped="6" hostname="Agnibhas-MacBook-Air.local" name="testCasePack.test" tests="7" failures="0" timestamp="25 Dec 2017 15:55:50 GMT" time="3.840" errors="0">
  <testcase name="abc" time="3.840" classname="testCasePack.test"/>
  <testcase name="cdas" classname="testCasePack.test">
    <skipped/>
  </testcase> <!-- cdas -->
  <testcase name="wrong2" classname="testCasePack.test">
    <skipped/>
  </testcase> <!-- wrong2 -->
  <testcase name="wrong" classname="testCasePack.test">
    <skipped/>
  </testcase> <!-- wrong -->
  <testcase name="correct" classname="testCasePack.test">
    <skipped/>
  </testcase> <!-- correct -->
  <testcase name="abcde" classname="testCasePack.test">
    <skipped/>
  </testcase> <!-- abcde -->
  <testcase name="abcd" classname="testCasePack.test">
    <skipped/>
  </testcase> <!-- abcd -->
</testsuite> <!-- testCasePack.test -->
